<?xml version="1.0" encoding="UTF-8"?>
<!-- Generated by org.testng.reporters.JUnitXMLReporter -->
<testsuite hostname="sakshi" ignored="0" name="Test" tests="7" failures="2" timestamp="28 Mar 2021 23:00:06 GMT" time="108.177" errors="0">
  <testcase name="loginFreeCRM" time="3.46" classname="com.sanyam.testproject.LoginPageTest"/>
  <testcase name="testSuccess" time="0.004" classname="com.sanyam.testproject.LoginPageTest"/>
  <testcase name="veriftLoggedInUSerTest" time="2.858" classname="com.sanyam.testproject.HomePageTest"/>
  <testcase name="testCase2" time="6.15" classname="com.sanyam.testproject.LoginPageTest">
    <failure type="java.lang.AssertionError" message="The following asserts failed:
	Test Fail 1-C:\Java_Selenium_Items\My_Workspace\Repo_TestNGProjectWithJava\TestNGProjectWithJava\ScreenShot\Fail2_Mon_Mar_29_04_29_44_IST_2021.png,
	Test Fail 2">
      <![CDATA[java.lang.AssertionError: The following asserts failed:
	Test Fail 1-C:\Java_Selenium_Items\My_Workspace\Repo_TestNGProjectWithJava\TestNGProjectWithJava\ScreenShot\Fail2_Mon_Mar_29_04_29_44_IST_2021.png,
	Test Fail 2
	at com.sanyam.testproject.LoginPageTest.testCase2(LoginPageTest.java:73)
... Removed 26 stack frames]]>
    </failure>
  </testcase> <!-- testCase2 -->
  <testcase name="contactsButtonTest" time="1.491" classname="com.sanyam.testproject.HomePageTest"/>
  <testcase name="testCase3" time="0.004" classname="com.sanyam.testproject.LoginPageTest">
    <failure type="java.lang.AssertionError" message="Failed to check Failure Scenario">
      <![CDATA[java.lang.AssertionError: Failed to check Failure Scenario
	at com.sanyam.testproject.LoginPageTest.testCase3(LoginPageTest.java:79)
... Removed 26 stack frames]]>
    </failure>
  </testcase> <!-- testCase3 -->
  <testcase name="testSkip" time="0.006" classname="com.sanyam.testproject.LoginPageTest">
    <skipped/>
  </testcase> <!-- testSkip -->
</testsuite> <!-- Test -->
