<?xml version="1.0" encoding="UTF-8"?>
<!-- Generated by org.testng.reporters.JUnitXMLReporter -->
<testsuite hostname="sakshi" ignored="0" name="Test" tests="11" failures="2" timestamp="13 Apr 2021 20:21:28 GMT" time="34.362" errors="0">
  <testcase name="loginFreeCRM" time="2.171" classname="com.sanyam.testproject.LoginPageTest"/>
  <testcase name="veriftLoggedInUSerTest" time="2.015" classname="com.sanyam.testproject.HomePageTest"/>
  <testcase name="testSuccess" time="0.015" classname="com.sanyam.testproject.LoginPageTest"/>
  <testcase name="contactsButtonTest" time="1.148" classname="com.sanyam.testproject.HomePageTest"/>
  <testcase name="testCase2" time="1.631" classname="com.sanyam.testproject.LoginPageTest">
    <skipped/>
  </testcase> <!-- testCase2 -->
  <testcase name="testCase2" time="0.688" classname="com.sanyam.testproject.LoginPageTest">
    <skipped/>
  </testcase> <!-- testCase2 -->
  <testcase name="testCase2" time="0.658" classname="com.sanyam.testproject.LoginPageTest">
    <failure type="java.lang.AssertionError" message="The following asserts failed:
	Test Fail 1-C:\Java_Selenium_Items\My_Workspace\Repo_TestNGProjectWithJava\TestNGProjectWithJava\ScreenShot\Fail2_Wed_Apr_14_01_51_24_IST_2021.png,
	Test Fail 2">
      <![CDATA[java.lang.AssertionError: The following asserts failed:
	Test Fail 1-C:\Java_Selenium_Items\My_Workspace\Repo_TestNGProjectWithJava\TestNGProjectWithJava\ScreenShot\Fail2_Wed_Apr_14_01_51_24_IST_2021.png,
	Test Fail 2
	at com.sanyam.testproject.LoginPageTest.testCase2(LoginPageTest.java:74)
... Removed 26 stack frames]]>
    </failure>
  </testcase> <!-- testCase2 -->
  <testcase name="testCase3" time="0.001" classname="com.sanyam.testproject.LoginPageTest">
    <skipped/>
  </testcase> <!-- testCase3 -->
  <testcase name="testCase3" time="0.001" classname="com.sanyam.testproject.LoginPageTest">
    <skipped/>
  </testcase> <!-- testCase3 -->
  <testcase name="testCase3" time="0.001" classname="com.sanyam.testproject.LoginPageTest">
    <failure type="java.lang.AssertionError" message="Failed to check Failure Scenario">
      <![CDATA[java.lang.AssertionError: Failed to check Failure Scenario
	at com.sanyam.testproject.LoginPageTest.testCase3(LoginPageTest.java:80)
... Removed 26 stack frames]]>
    </failure>
  </testcase> <!-- testCase3 -->
  <testcase name="testSkip" time="0.002" classname="com.sanyam.testproject.LoginPageTest">
    <skipped/>
  </testcase> <!-- testSkip -->
</testsuite> <!-- Test -->
