<?xml version="1.0" encoding="UTF-8"?>
<!-- Generated by org.testng.reporters.JUnitXMLReporter -->
<testsuite hostname="sakshi" ignored="4" tests="0" failures="0" timestamp="21 Mar 2021 12:13:09 GMT" time="41.295" errors="0">
  <testcase name="testSkip" time="0.0" classname="com.sanyam.testproject.LoginPageTest">
    <ignored/>
  </testcase> <!-- testSkip -->
  <testcase name="LoginFreeCRM" time="0.0" classname="com.sanyam.testproject.LoginPageTest">
    <ignored/>
  </testcase> <!-- LoginFreeCRM -->
  <testcase name="testCase2" time="0.0" classname="com.sanyam.testproject.LoginPageTest">
    <ignored/>
  </testcase> <!-- testCase2 -->
  <testcase name="testSuccess" time="0.0" classname="com.sanyam.testproject.LoginPageTest">
    <ignored/>
  </testcase> <!-- testSuccess -->
</testsuite>
