<?xml version="1.0" encoding="UTF-8"?>
<testng-results skipped="0" failed="0" ignored="0" total="5" passed="5">
  <reporter-output>
  </reporter-output>
  <suite name="Default suite" duration-ms="127" started-at="2021-02-24T09:14:37Z" finished-at="2021-02-24T09:14:37Z">
    <groups>
    </groups>
    <test name="Default test" duration-ms="127" started-at="2021-02-24T09:14:37Z" finished-at="2021-02-24T09:14:37Z">
      <class name="com.sanyam.SeleniumProject.TestPractice">
        <test-method status="PASS" signature="A()[pri:0, instance:com.sanyam.SeleniumProject.TestPractice@675d3402]" name="A" duration-ms="33" started-at="2021-02-24T14:44:37Z" finished-at="2021-02-24T14:44:37Z">
          <reporter-output>
          </reporter-output>
        </test-method> <!-- A -->
        <test-method status="PASS" signature="AE()[pri:0, instance:com.sanyam.SeleniumProject.TestPractice@675d3402]" name="AE" duration-ms="7" started-at="2021-02-24T14:44:37Z" finished-at="2021-02-24T14:44:37Z">
          <reporter-output>
          </reporter-output>
        </test-method> <!-- AE -->
        <test-method status="PASS" signature="B()[pri:0, instance:com.sanyam.SeleniumProject.TestPractice@675d3402]" name="B" duration-ms="6" started-at="2021-02-24T14:44:37Z" finished-at="2021-02-24T14:44:37Z">
          <reporter-output>
          </reporter-output>
        </test-method> <!-- B -->
        <test-method status="PASS" signature="C()[pri:0, instance:com.sanyam.SeleniumProject.TestPractice@675d3402]" name="C" duration-ms="3" started-at="2021-02-24T14:44:37Z" finished-at="2021-02-24T14:44:37Z">
          <reporter-output>
          </reporter-output>
        </test-method> <!-- C -->
        <test-method status="PASS" signature="D()[pri:0, instance:com.sanyam.SeleniumProject.TestPractice@675d3402]" name="D" duration-ms="4" started-at="2021-02-24T14:44:37Z" finished-at="2021-02-24T14:44:37Z">
          <reporter-output>
          </reporter-output>
        </test-method> <!-- D -->
      </class> <!-- com.sanyam.SeleniumProject.TestPractice -->
    </test> <!-- Default test -->
  </suite> <!-- Default suite -->
</testng-results>
