<?xml version="1.0" encoding="UTF-8"?>
<testsuite xmlns:xsi="http://www.w3.org/2001/XMLSchema-instance" xsi:schemaLocation="https://maven.apache.org/surefire/maven-surefire-plugin/xsd/surefire-test-report.xsd" name="TestSuite" time="72.26" tests="4" errors="0" skipped="1" failures="2">
  <properties>
[...]
</properties>
  <testcase name="loginMercury" classname="com.sanyam.testproject.TestDemo" time="8.807">
    <failure message="no such element: Unable to locate element: {&quot;method&quot;:&quot;css selector&quot;,&quot;selector&quot;:&quot;*[name=&apos;email_create&apos;]&quot;}&#10;  (Session info: chrome=88.0.4324.190)&#10;For documentation on this error, please visit: https://www.seleniumhq.org/exceptions/no_such_element.html&#10;Build info: version: &apos;3.141.59&apos;, revision: &apos;e82be7d358&apos;, time: &apos;2018-11-14T08:17:03&apos;&#10;System info: host: &apos;SAKSHI&apos;, ip: &apos;192.168.0.108&apos;, os.name: &apos;Windows 10&apos;, os.arch: &apos;amd64&apos;, os.version: &apos;10.0&apos;, java.version: &apos;1.8.0_181&apos;&#10;Driver info: org.openqa.selenium.chrome.ChromeDriver&#10;Capabilities {acceptInsecureCerts: false, browserName: chrome, browserVersion: 88.0.4324.190, chrome: {chromedriverVersion: 88.0.4324.96 (68dba2d8a0b14..., userDataDir: C:\Users\$akshi\AppData\Loc...}, goog:chromeOptions: {debuggerAddress: localhost:62399}, javascriptEnabled: true, networkConnectionEnabled: false, pageLoadStrategy: normal, platform: WINDOWS, platformName: WINDOWS, proxy: Proxy(), setWindowRect: true, strictFileInteractability: false, timeouts: {implicit: 0, pageLoad: 300000, script: 30000}, unhandledPromptBehavior: dismiss and notify, webauthn:extension:largeBlob: true, webauthn:virtualAuthenticators: true}&#10;Session ID: e85b25918d81088b887a02344c2881f0&#10;*** Element info: {Using=name, value=email_create}" type="org.openqa.selenium.NoSuchElementException">org.openqa.selenium.NoSuchElementException: 
no such element: Unable to locate element: {"method":"css selector","selector":"*[name='email_create']"}
  (Session info: chrome=88.0.4324.190)
For documentation on this error, please visit: https://www.seleniumhq.org/exceptions/no_such_element.html
Build info: version: '3.141.59', revision: 'e82be7d358', time: '2018-11-14T08:17:03'
System info: host: 'SAKSHI', ip: '192.168.0.108', os.name: 'Windows 10', os.arch: 'amd64', os.version: '10.0', java.version: '1.8.0_181'
Driver info: org.openqa.selenium.chrome.ChromeDriver
Capabilities {acceptInsecureCerts: false, browserName: chrome, browserVersion: 88.0.4324.190, chrome: {chromedriverVersion: 88.0.4324.96 (68dba2d8a0b14..., userDataDir: C:\Users\$akshi\AppData\Loc...}, goog:chromeOptions: {debuggerAddress: localhost:62399}, javascriptEnabled: true, networkConnectionEnabled: false, pageLoadStrategy: normal, platform: WINDOWS, platformName: WINDOWS, proxy: Proxy(), setWindowRect: true, strictFileInteractability: false, timeouts: {implicit: 0, pageLoad: 300000, script: 30000}, unhandledPromptBehavior: dismiss and notify, webauthn:extension:largeBlob: true, webauthn:virtualAuthenticators: true}
Session ID: e85b25918d81088b887a02344c2881f0
*** Element info: {Using=name, value=email_create}
	at com.sanyam.testproject.TestDemo.loginMercury(TestDemo.java:54)
</failure>
    <system-out><![CDATA[In READEXCELFILE
Test_Identifiers-TC_01
Email_Id-123@gmail.com
UserName-scsanyam52@gmail.com
Password-SanyamC
Value1-Testing1
Value2-TestingV2
Opening Chrome Browser
Excel datascsanyam52@gmail.com SanyamC 123@gmail.com
Register and Login
In register Method of RegisterUser class
]]></system-out>
    <system-err><![CDATA[Starting ChromeDriver 88.0.4324.96 (68dba2d8a0b149a1d3afac56fa74648032bcf46b-refs/branch-heads/4324@{#1784}) on port 14659
Only local connections are allowed.
Please see https://chromedriver.chromium.org/security-considerations for suggestions on keeping ChromeDriver safe.
ChromeDriver was started successfully.
]]></system-err>
  </testcase>
  <testcase name="testCase2" classname="com.sanyam.testproject.TestDemo" time="1.154">
    <failure message="The following asserts failed:&#10;	Test Fail 2-C:\Java_Selenium_Items\My_Workspace\Repo_TestNGProjectWithJava\TestNGProjectWithJava\ScreenShot\Fail2_Fri_Mar_05_00_26_55_IST_2021.png,&#10;	Test Fail 3" type="java.lang.AssertionError">java.lang.AssertionError: 
The following asserts failed:
	Test Fail 2-C:\Java_Selenium_Items\My_Workspace\Repo_TestNGProjectWithJava\TestNGProjectWithJava\ScreenShot\Fail2_Fri_Mar_05_00_26_55_IST_2021.png,
	Test Fail 3
	at com.sanyam.testproject.TestDemo.testCase2(TestDemo.java:73)
</failure>
    <system-out><![CDATA[Inside TC 2
]]></system-out>
  </testcase>
  <testcase name="testSkip" classname="com.sanyam.testproject.TestDemo" time="0">
    <skipped message="Testig Skip test"/>
    <system-out><![CDATA[Inside Skip Report
]]></system-out>
  </testcase>
  <testcase name="testSuccess" classname="com.sanyam.testproject.TestDemo" time="0"/>
</testsuite>