<?xml version="1.0" encoding="UTF-8"?>
<testsuite xmlns:xsi="http://www.w3.org/2001/XMLSchema-instance" xsi:schemaLocation="https://maven.apache.org/surefire/maven-surefire-plugin/xsd/surefire-test-report.xsd" name="TestSuite" time="181.61" tests="6" errors="0" skipped="1" failures="2">
  <properties>
[...]
</properties>
  <testcase name="testCase2" classname="com.sanyam.testproject.LoginPageTest" time="2.122">
    <failure message="The following asserts failed:&#10;	Test Fail 2-C:\Java_Selenium_Items\My_Workspace\Repo_TestNGProjectWithJava\TestNGProjectWithJava\ScreenShot\Fail2_Thu_Mar_25_01_20_59_IST_2021.png,&#10;	Test Fail 3" type="java.lang.AssertionError">java.lang.AssertionError: 
The following asserts failed:
	Test Fail 2-C:\Java_Selenium_Items\My_Workspace\Repo_TestNGProjectWithJava\TestNGProjectWithJava\ScreenShot\Fail2_Thu_Mar_25_01_20_59_IST_2021.png,
	Test Fail 3
	at com.sanyam.testproject.LoginPageTest.testCase2(LoginPageTest.java:61)
</failure>
    <system-out><![CDATA[Opening Chrome Browser
In READEXCELFILE
Test_Identifiers-TC_01
Email_Id-123@gmail.com
UserName-scsanyam52@gmail.com
Password-Sanyam09
Value1-Testing1
Value2-TestingV2
Inside TC 2
]]></system-out>
    <system-err><![CDATA[Starting ChromeDriver 88.0.4324.96 (68dba2d8a0b149a1d3afac56fa74648032bcf46b-refs/branch-heads/4324@{#1784}) on port 19289
Only local connections are allowed.
Please see https://chromedriver.chromium.org/security-considerations for suggestions on keeping ChromeDriver safe.
ChromeDriver was started successfully.
[1616615426.366][WARNING]: This version of ChromeDriver has not been tested with Chrome version 89.
Mar 25, 2021 1:20:28 AM org.openqa.selenium.remote.ProtocolHandshake createSession
INFO: Detected dialect: W3C
]]></system-err>
  </testcase>
  <testcase name="testSkip" classname="com.sanyam.testproject.LoginPageTest" time="0">
    <skipped message="Testig Skip test"/>
    <system-out><![CDATA[Inside Skip Report
]]></system-out>
  </testcase>
  <testcase name="testSuccess" classname="com.sanyam.testproject.LoginPageTest" time="0"/>
  <testcase name="contactsButtonTest" classname="com.sanyam.testproject.HomePageTest" time="6.493"/>
  <testcase name="veriftLoggedInUSerTest" classname="com.sanyam.testproject.HomePageTest" time="0.298"/>
  <testcase name="LoginFreeCRM" classname="com.sanyam.testproject.LoginPageTest" time="62.071">
    <failure message="no such element: Unable to locate element: {&quot;method&quot;:&quot;xpath&quot;,&quot;selector&quot;:&quot;//input[@name=&apos;email&apos;]&quot;}&#10;  (Session info: chrome=89.0.4389.90)&#10;For documentation on this error, please visit: https://www.seleniumhq.org/exceptions/no_such_element.html&#10;Build info: version: &apos;3.141.59&apos;, revision: &apos;e82be7d358&apos;, time: &apos;2018-11-14T08:17:03&apos;&#10;System info: host: &apos;SAKSHI&apos;, ip: &apos;192.168.0.113&apos;, os.name: &apos;Windows 10&apos;, os.arch: &apos;amd64&apos;, os.version: &apos;10.0&apos;, java.version: &apos;1.8.0_181&apos;&#10;Driver info: org.openqa.selenium.chrome.ChromeDriver&#10;Capabilities {acceptInsecureCerts: false, browserName: chrome, browserVersion: 89.0.4389.90, chrome: {chromedriverVersion: 88.0.4324.96 (68dba2d8a0b14..., userDataDir: C:\Users\$akshi\AppData\Loc...}, goog:chromeOptions: {debuggerAddress: localhost:51298}, javascriptEnabled: true, networkConnectionEnabled: false, pageLoadStrategy: normal, platform: WINDOWS, platformName: WINDOWS, proxy: Proxy(), setWindowRect: true, strictFileInteractability: false, timeouts: {implicit: 0, pageLoad: 300000, script: 30000}, unhandledPromptBehavior: dismiss and notify, webauthn:extension:largeBlob: true, webauthn:virtualAuthenticators: true}&#10;Session ID: 8185325e567a8231a6df0f463d8f505c&#10;*** Element info: {Using=xpath, value=//input[@name=&apos;email&apos;]}" type="org.openqa.selenium.NoSuchElementException">org.openqa.selenium.NoSuchElementException: 
no such element: Unable to locate element: {"method":"xpath","selector":"//input[@name='email']"}
  (Session info: chrome=89.0.4389.90)
For documentation on this error, please visit: https://www.seleniumhq.org/exceptions/no_such_element.html
Build info: version: '3.141.59', revision: 'e82be7d358', time: '2018-11-14T08:17:03'
System info: host: 'SAKSHI', ip: '192.168.0.113', os.name: 'Windows 10', os.arch: 'amd64', os.version: '10.0', java.version: '1.8.0_181'
Driver info: org.openqa.selenium.chrome.ChromeDriver
Capabilities {acceptInsecureCerts: false, browserName: chrome, browserVersion: 89.0.4389.90, chrome: {chromedriverVersion: 88.0.4324.96 (68dba2d8a0b14..., userDataDir: C:\Users\$akshi\AppData\Loc...}, goog:chromeOptions: {debuggerAddress: localhost:51298}, javascriptEnabled: true, networkConnectionEnabled: false, pageLoadStrategy: normal, platform: WINDOWS, platformName: WINDOWS, proxy: Proxy(), setWindowRect: true, strictFileInteractability: false, timeouts: {implicit: 0, pageLoad: 300000, script: 30000}, unhandledPromptBehavior: dismiss and notify, webauthn:extension:largeBlob: true, webauthn:virtualAuthenticators: true}
Session ID: 8185325e567a8231a6df0f463d8f505c
*** Element info: {Using=xpath, value=//input[@name='email']}
	at com.sanyam.testproject.LoginPageTest.LoginFreeCRM(LoginPageTest.java:43)
</failure>
    <system-out><![CDATA[Closing Browser
Excel datascsanyam52@gmail.com Sanyam09 123@gmail.com
Register and Login
In Login class const before PF
In Login class const After PF
In Login Method of LoginPage class
]]></system-out>
  </testcase>
</testsuite>