<?xml version="1.0" encoding="UTF-8"?>
<!-- Generated by org.testng.reporters.JUnitXMLReporter -->
<testsuite hostname="sakshi" ignored="0" name="Regression1" tests="4" failures="1" timestamp="13 Dec 2020 18:40:04 GMT" time="35.331" errors="0">
  <testcase name="loginMercury" time="11.073" classname="com.sanyam.SeleniumProject.TestDemo"/>
  <testcase name="testCase2" time="0.862" classname="com.sanyam.SeleniumProject.TestDemo">
    <failure type="java.lang.AssertionError" message="The following asserts failed:
	Test Fail 2-C:\Users\$akshi\git\TestNGProjectWithJava\TestNGProjectWithJava\ScreenShot\Fail2_Mon_Dec_14_00_10_03_IST_2020.png,
	Test Fail 3">
      <![CDATA[java.lang.AssertionError: The following asserts failed:
Test Fail 2-C:\Users\$akshi\git\TestNGProjectWithJava\TestNGProjectWithJava\ScreenShot\Fail2_Mon_Dec_14_00_10_03_IST_2020.png,
Test Fail 3
at com.sanyam.SeleniumProject.TestDemo.testCase2(TestDemo.java:82)
... Removed 26 stack frames]]>
    </failure>
  </testcase> <!-- testCase2 -->
  <testcase name="testSkip" time="0.003" classname="com.sanyam.SeleniumProject.TestDemo">
    <skipped/>
  </testcase> <!-- testSkip -->
  <testcase name="testSuccess" time="0.002" classname="com.sanyam.SeleniumProject.TestDemo"/>
</testsuite> <!-- Regression1 -->
